[     166ms] [INFO] %cDownload the React DevTools for a better development experience: https://reactjs.org/link/react-devtools font-weight:bold @ http://localhost:5173/@fs/Users/rick/Dev/usersAndTeamsP5/node_modules/.vite/deps/chunk-373CG7ZK.js?v=477124e5:21548
[    9269ms] [ERROR] Failed to load resource: net::ERR_INSUFFICIENT_RESOURCES @ http://localhost:5173/teams:0
[    9269ms] TypeError: Failed to fetch
    at http://localhost:5173/@fs/Users/rick/Dev/usersAndTeamsP5/src/ui/hooks/useTeams.ts:19:25
    at http://localhost:5173/@fs/Users/rick/Dev/usersAndTeamsP5/src/ui/hooks/useTeams.ts:31:10
    at commitHookEffectListMount (http://localhost:5173/@fs/Users/rick/Dev/usersAndTeamsP5/node_modules/.vite/deps/chunk-373CG7ZK.js?v=477124e5:16913:34)
    at commitPassiveMountOnFiber (http://localhost:5173/@fs/Users/rick/Dev/usersAndTeamsP5/node_modules/.vite/deps/chunk-373CG7ZK.js?v=477124e5:18154:19)
    at commitPassiveMountEffects_complete (http://localhost:5173/@fs/Users/rick/Dev/usersAndTeamsP5/node_modules/.vite/deps/chunk-373CG7ZK.js?v=477124e5:18127:17)
    at commitPassiveMountEffects_begin (http://localhost:5173/@fs/Users/rick/Dev/usersAndTeamsP5/node_modules/.vite/deps/chunk-373CG7ZK.js?v=477124e5:18117:15)
    at commitPassiveMountEffects (http://localhost:5173/@fs/Users/rick/Dev/usersAndTeamsP5/node_modules/.vite/deps/chunk-373CG7ZK.js?v=477124e5:18107:11)
    at flushPassiveEffectsImpl (http://localhost:5173/@fs/Users/rick/Dev/usersAndTeamsP5/node_modules/.vite/deps/chunk-373CG7ZK.js?v=477124e5:19488:11)
    at flushPassiveEffects (http://localhost:5173/@fs/Users/rick/Dev/usersAndTeamsP5/node_modules/.vite/deps/chunk-373CG7ZK.js?v=477124e5:19445:22)
    at http://localhost:5173/@fs/Users/rick/Dev/usersAndTeamsP5/node_modules/.vite/deps/chunk-373CG7ZK.js?v=477124e5:19326:17
[    9271ms] [ERROR] Failed to load resource: net::ERR_INSUFFICIENT_RESOURCES @ http://localhost:5173/teams/019df3e6-e56f-7270-bd51-ca9614d83ff3:0
[    9271ms] [ERROR] Failed to load resource: net::ERR_INSUFFICIENT_RESOURCES @ http://localhost:5173/teams/019df3e6-e56f-7270-bd51-ca9614d83ff3:0
[    9271ms] TypeError: Failed to fetch
    at refresh (http://localhost:5173/@fs/Users/rick/Dev/usersAndTeamsP5/src/ui/components/TeamMembersList.tsx:28:30)
    at http://localhost:5173/@fs/Users/rick/Dev/usersAndTeamsP5/src/ui/components/TeamMembersList.tsx:39:10
    at commitHookEffectListMount (http://localhost:5173/@fs/Users/rick/Dev/usersAndTeamsP5/node_modules/.vite/deps/chunk-373CG7ZK.js?v=477124e5:16913:34)
    at commitPassiveMountOnFiber (http://localhost:5173/@fs/Users/rick/Dev/usersAndTeamsP5/node_modules/.vite/deps/chunk-373CG7ZK.js?v=477124e5:18154:19)
    at commitPassiveMountEffects_complete (http://localhost:5173/@fs/Users/rick/Dev/usersAndTeamsP5/node_modules/.vite/deps/chunk-373CG7ZK.js?v=477124e5:18127:17)
    at commitPassiveMountEffects_begin (http://localhost:5173/@fs/Users/rick/Dev/usersAndTeamsP5/node_modules/.vite/deps/chunk-373CG7ZK.js?v=477124e5:18117:15)
    at commitPassiveMountEffects (http://localhost:5173/@fs/Users/rick/Dev/usersAndTeamsP5/node_modules/.vite/deps/chunk-373CG7ZK.js?v=477124e5:18107:11)
    at flushPassiveEffectsImpl (http://localhost:5173/@fs/Users/rick/Dev/usersAndTeamsP5/node_modules/.vite/deps/chunk-373CG7ZK.js?v=477124e5:19488:11)
    at flushPassiveEffects (http://localhost:5173/@fs/Users/rick/Dev/usersAndTeamsP5/node_modules/.vite/deps/chunk-373CG7ZK.js?v=477124e5:19445:22)
    at http://localhost:5173/@fs/Users/rick/Dev/usersAndTeamsP5/node_modules/.vite/deps/chunk-373CG7ZK.js?v=477124e5:19326:17
[    9271ms] TypeError: Failed to fetch
    at refresh (http://localhost:5173/@fs/Users/rick/Dev/usersAndTeamsP5/src/ui/components/TeamMembersList.tsx:28:30)
    at http://localhost:5173/@fs/Users/rick/Dev/usersAndTeamsP5/src/ui/components/TeamMembersList.tsx:39:10
    at commitHookEffectListMount (http://localhost:5173/@fs/Users/rick/Dev/usersAndTeamsP5/node_modules/.vite/deps/chunk-373CG7ZK.js?v=477124e5:16913:34)
    at invokePassiveEffectMountInDEV (http://localhost:5173/@fs/Users/rick/Dev/usersAndTeamsP5/node_modules/.vite/deps/chunk-373CG7ZK.js?v=477124e5:18322:19)
    at invokeEffectsInDev (http://localhost:5173/@fs/Users/rick/Dev/usersAndTeamsP5/node_modules/.vite/deps/chunk-373CG7ZK.js?v=477124e5:19699:19)
    at commitDoubleInvokeEffectsInDEV (http://localhost:5173/@fs/Users/rick/Dev/usersAndTeamsP5/node_modules/.vite/deps/chunk-373CG7ZK.js?v=477124e5:19684:15)
    at flushPassiveEffectsImpl (http://localhost:5173/@fs/Users/rick/Dev/usersAndTeamsP5/node_modules/.vite/deps/chunk-373CG7ZK.js?v=477124e5:19501:13)
    at flushPassiveEffects (http://localhost:5173/@fs/Users/rick/Dev/usersAndTeamsP5/node_modules/.vite/deps/chunk-373CG7ZK.js?v=477124e5:19445:22)
    at http://localhost:5173/@fs/Users/rick/Dev/usersAndTeamsP5/node_modules/.vite/deps/chunk-373CG7ZK.js?v=477124e5:19326:17
    at workLoop (http://localhost:5173/@fs/Users/rick/Dev/usersAndTeamsP5/node_modules/.vite/deps/chunk-373CG7ZK.js?v=477124e5:195:42)
[    9275ms] [ERROR] Failed to load resource: net::ERR_INSUFFICIENT_RESOURCES @ http://localhost:5173/teams/019df3e6-e56f-7270-bd51-ca9614d83ff3:0
[    9275ms] TypeError: Failed to fetch
    at refresh (http://localhost:5173/@fs/Users/rick/Dev/usersAndTeamsP5/src/ui/components/TeamMembersList.tsx:28:30)
    at http://localhost:5173/@fs/Users/rick/Dev/usersAndTeamsP5/src/ui/components/TeamMembersList.tsx:39:10
    at commitHookEffectListMount (http://localhost:5173/@fs/Users/rick/Dev/usersAndTeamsP5/node_modules/.vite/deps/chunk-373CG7ZK.js?v=477124e5:16913:34)
    at invokePassiveEffectMountInDEV (http://localhost:5173/@fs/Users/rick/Dev/usersAndTeamsP5/node_modules/.vite/deps/chunk-373CG7ZK.js?v=477124e5:18322:19)
    at invokeEffectsInDev (http://localhost:5173/@fs/Users/rick/Dev/usersAndTeamsP5/node_modules/.vite/deps/chunk-373CG7ZK.js?v=477124e5:19699:19)
    at commitDoubleInvokeEffectsInDEV (http://localhost:5173/@fs/Users/rick/Dev/usersAndTeamsP5/node_modules/.vite/deps/chunk-373CG7ZK.js?v=477124e5:19684:15)
    at flushPassiveEffectsImpl (http://localhost:5173/@fs/Users/rick/Dev/usersAndTeamsP5/node_modules/.vite/deps/chunk-373CG7ZK.js?v=477124e5:19501:13)
    at flushPassiveEffects (http://localhost:5173/@fs/Users/rick/Dev/usersAndTeamsP5/node_modules/.vite/deps/chunk-373CG7ZK.js?v=477124e5:19445:22)
    at http://localhost:5173/@fs/Users/rick/Dev/usersAndTeamsP5/node_modules/.vite/deps/chunk-373CG7ZK.js?v=477124e5:19326:17
    at workLoop (http://localhost:5173/@fs/Users/rick/Dev/usersAndTeamsP5/node_modules/.vite/deps/chunk-373CG7ZK.js?v=477124e5:195:42)
[    9277ms] [ERROR] Failed to load resource: net::ERR_INSUFFICIENT_RESOURCES @ http://localhost:5173/teams:0
[    9277ms] TypeError: Failed to fetch
    at http://localhost:5173/@fs/Users/rick/Dev/usersAndTeamsP5/src/ui/hooks/useTeams.ts:19:25
    at http://localhost:5173/@fs/Users/rick/Dev/usersAndTeamsP5/src/ui/hooks/useTeams.ts:31:10
    at commitHookEffectListMount (http://localhost:5173/@fs/Users/rick/Dev/usersAndTeamsP5/node_modules/.vite/deps/chunk-373CG7ZK.js?v=477124e5:16913:34)
    at commitPassiveMountOnFiber (http://localhost:5173/@fs/Users/rick/Dev/usersAndTeamsP5/node_modules/.vite/deps/chunk-373CG7ZK.js?v=477124e5:18154:19)
    at commitPassiveMountEffects_complete (http://localhost:5173/@fs/Users/rick/Dev/usersAndTeamsP5/node_modules/.vite/deps/chunk-373CG7ZK.js?v=477124e5:18127:17)
    at commitPassiveMountEffects_begin (http://localhost:5173/@fs/Users/rick/Dev/usersAndTeamsP5/node_modules/.vite/deps/chunk-373CG7ZK.js?v=477124e5:18117:15)
    at commitPassiveMountEffects (http://localhost:5173/@fs/Users/rick/Dev/usersAndTeamsP5/node_modules/.vite/deps/chunk-373CG7ZK.js?v=477124e5:18107:11)
    at flushPassiveEffectsImpl (http://localhost:5173/@fs/Users/rick/Dev/usersAndTeamsP5/node_modules/.vite/deps/chunk-373CG7ZK.js?v=477124e5:19488:11)
    at flushPassiveEffects (http://localhost:5173/@fs/Users/rick/Dev/usersAndTeamsP5/node_modules/.vite/deps/chunk-373CG7ZK.js?v=477124e5:19445:22)
    at http://localhost:5173/@fs/Users/rick/Dev/usersAndTeamsP5/node_modules/.vite/deps/chunk-373CG7ZK.js?v=477124e5:19326:17
[    9278ms] [ERROR] Failed to load resource: net::ERR_INSUFFICIENT_RESOURCES @ http://localhost:5173/auth/me:0
[    9278ms] [ERROR] Failed to load resource: net::ERR_INSUFFICIENT_RESOURCES @ http://localhost:5173/teams/019df3e6-e56f-7270-bd51-ca9614d83ff3:0
[    9278ms] TypeError: Failed to fetch
    at refresh (http://localhost:5173/@fs/Users/rick/Dev/usersAndTeamsP5/src/ui/components/TeamMembersList.tsx:28:30)
    at http://localhost:5173/@fs/Users/rick/Dev/usersAndTeamsP5/src/ui/components/TeamMembersList.tsx:39:10
    at commitHookEffectListMount (http://localhost:5173/@fs/Users/rick/Dev/usersAndTeamsP5/node_modules/.vite/deps/chunk-373CG7ZK.js?v=477124e5:16913:34)
    at invokePassiveEffectMountInDEV (http://localhost:5173/@fs/Users/rick/Dev/usersAndTeamsP5/node_modules/.vite/deps/chunk-373CG7ZK.js?v=477124e5:18322:19)
    at invokeEffectsInDev (http://localhost:5173/@fs/Users/rick/Dev/usersAndTeamsP5/node_modules/.vite/deps/chunk-373CG7ZK.js?v=477124e5:19699:19)
    at commitDoubleInvokeEffectsInDEV (http://localhost:5173/@fs/Users/rick/Dev/usersAndTeamsP5/node_modules/.vite/deps/chunk-373CG7ZK.js?v=477124e5:19684:15)
    at flushPassiveEffectsImpl (http://localhost:5173/@fs/Users/rick/Dev/usersAndTeamsP5/node_modules/.vite/deps/chunk-373CG7ZK.js?v=477124e5:19501:13)
    at flushPassiveEffects (http://localhost:5173/@fs/Users/rick/Dev/usersAndTeamsP5/node_modules/.vite/deps/chunk-373CG7ZK.js?v=477124e5:19445:22)
    at http://localhost:5173/@fs/Users/rick/Dev/usersAndTeamsP5/node_modules/.vite/deps/chunk-373CG7ZK.js?v=477124e5:19326:17
    at workLoop (http://localhost:5173/@fs/Users/rick/Dev/usersAndTeamsP5/node_modules/.vite/deps/chunk-373CG7ZK.js?v=477124e5:195:42)
[    9310ms] [ERROR] Failed to load resource: net::ERR_INSUFFICIENT_RESOURCES @ http://localhost:5173/teams:0
[    9310ms] TypeError: Failed to fetch
    at http://localhost:5173/@fs/Users/rick/Dev/usersAndTeamsP5/src/ui/hooks/useTeams.ts:19:25
    at http://localhost:5173/@fs/Users/rick/Dev/usersAndTeamsP5/src/ui/hooks/useTeams.ts:31:10
    at commitHookEffectListMount (http://localhost:5173/@fs/Users/rick/Dev/usersAndTeamsP5/node_modules/.vite/deps/chunk-373CG7ZK.js?v=477124e5:16913:34)
    at commitPassiveMountOnFiber (http://localhost:5173/@fs/Users/rick/Dev/usersAndTeamsP5/node_modules/.vite/deps/chunk-373CG7ZK.js?v=477124e5:18154:19)
    at commitPassiveMountEffects_complete (http://localhost:5173/@fs/Users/rick/Dev/usersAndTeamsP5/node_modules/.vite/deps/chunk-373CG7ZK.js?v=477124e5:18127:17)
    at commitPassiveMountEffects_begin (http://localhost:5173/@fs/Users/rick/Dev/usersAndTeamsP5/node_modules/.vite/deps/chunk-373CG7ZK.js?v=477124e5:18117:15)
    at commitPassiveMountEffects (http://localhost:5173/@fs/Users/rick/Dev/usersAndTeamsP5/node_modules/.vite/deps/chunk-373CG7ZK.js?v=477124e5:18107:11)
    at flushPassiveEffectsImpl (http://localhost:5173/@fs/Users/rick/Dev/usersAndTeamsP5/node_modules/.vite/deps/chunk-373CG7ZK.js?v=477124e5:19488:11)
    at flushPassiveEffects (http://localhost:5173/@fs/Users/rick/Dev/usersAndTeamsP5/node_modules/.vite/deps/chunk-373CG7ZK.js?v=477124e5:19445:22)
    at http://localhost:5173/@fs/Users/rick/Dev/usersAndTeamsP5/node_modules/.vite/deps/chunk-373CG7ZK.js?v=477124e5:19326:17
[    9310ms] [ERROR] Failed to load resource: net::ERR_INSUFFICIENT_RESOURCES @ http://localhost:5173/teams/019df3e6-e56f-7270-bd51-ca9614d83ff3:0
[    9310ms] TypeError: Failed to fetch
    at refresh (http://localhost:5173/@fs/Users/rick/Dev/usersAndTeamsP5/src/ui/components/TeamMembersList.tsx:28:30)
    at http://localhost:5173/@fs/Users/rick/Dev/usersAndTeamsP5/src/ui/components/TeamMembersList.tsx:39:10
    at commitHookEffectListMount (http://localhost:5173/@fs/Users/rick/Dev/usersAndTeamsP5/node_modules/.vite/deps/chunk-373CG7ZK.js?v=477124e5:16913:34)
    at invokePassiveEffectMountInDEV (http://localhost:5173/@fs/Users/rick/Dev/usersAndTeamsP5/node_modules/.vite/deps/chunk-373CG7ZK.js?v=477124e5:18322:19)
    at invokeEffectsInDev (http://localhost:5173/@fs/Users/rick/Dev/usersAndTeamsP5/node_modules/.vite/deps/chunk-373CG7ZK.js?v=477124e5:19699:19)
    at commitDoubleInvokeEffectsInDEV (http://localhost:5173/@fs/Users/rick/Dev/usersAndTeamsP5/node_modules/.vite/deps/chunk-373CG7ZK.js?v=477124e5:19684:15)
    at flushPassiveEffectsImpl (http://localhost:5173/@fs/Users/rick/Dev/usersAndTeamsP5/node_modules/.vite/deps/chunk-373CG7ZK.js?v=477124e5:19501:13)
    at flushPassiveEffects (http://localhost:5173/@fs/Users/rick/Dev/usersAndTeamsP5/node_modules/.vite/deps/chunk-373CG7ZK.js?v=477124e5:19445:22)
    at http://localhost:5173/@fs/Users/rick/Dev/usersAndTeamsP5/node_modules/.vite/deps/chunk-373CG7ZK.js?v=477124e5:19326:17
    at workLoop (http://localhost:5173/@fs/Users/rick/Dev/usersAndTeamsP5/node_modules/.vite/deps/chunk-373CG7ZK.js?v=477124e5:195:42)
[    9312ms] [ERROR] Failed to load resource: net::ERR_INSUFFICIENT_RESOURCES @ http://localhost:5173/teams:0
[    9312ms] TypeError: Failed to fetch
    at http://localhost:5173/@fs/Users/rick/Dev/usersAndTeamsP5/src/ui/hooks/useTeams.ts:19:25
    at http://localhost:5173/@fs/Users/rick/Dev/usersAndTeamsP5/src/ui/hooks/useTeams.ts:31:10
    at commitHookEffectListMount (http://localhost:5173/@fs/Users/rick/Dev/usersAndTeamsP5/node_modules/.vite/deps/chunk-373CG7ZK.js?v=477124e5:16913:34)
    at commitPassiveMountOnFiber (http://localhost:5173/@fs/Users/rick/Dev/usersAndTeamsP5/node_modules/.vite/deps/chunk-373CG7ZK.js?v=477124e5:18154:19)
    at commitPassiveMountEffects_complete (http://localhost:5173/@fs/Users/rick/Dev/usersAndTeamsP5/node_modules/.vite/deps/chunk-373CG7ZK.js?v=477124e5:18127:17)
    at commitPassiveMountEffects_begin (http://localhost:5173/@fs/Users/rick/Dev/usersAndTeamsP5/node_modules/.vite/deps/chunk-373CG7ZK.js?v=477124e5:18117:15)
    at commitPassiveMountEffects (http://localhost:5173/@fs/Users/rick/Dev/usersAndTeamsP5/node_modules/.vite/deps/chunk-373CG7ZK.js?v=477124e5:18107:11)
    at flushPassiveEffectsImpl (http://localhost:5173/@fs/Users/rick/Dev/usersAndTeamsP5/node_modules/.vite/deps/chunk-373CG7ZK.js?v=477124e5:19488:11)
    at flushPassiveEffects (http://localhost:5173/@fs/Users/rick/Dev/usersAndTeamsP5/node_modules/.vite/deps/chunk-373CG7ZK.js?v=477124e5:19445:22)
    at http://localhost:5173/@fs/Users/rick/Dev/usersAndTeamsP5/node_modules/.vite/deps/chunk-373CG7ZK.js?v=477124e5:19326:17
[    9313ms] [ERROR] Failed to load resource: net::ERR_INSUFFICIENT_RESOURCES @ http://localhost:5173/auth/me:0
[    9313ms] [ERROR] Failed to load resource: net::ERR_INSUFFICIENT_RESOURCES @ http://localhost:5173/auth/me:0
[   25057ms] [INFO] %cDownload the React DevTools for a better development experience: https://reactjs.org/link/react-devtools font-weight:bold @ http://localhost:5173/@fs/Users/rick/Dev/usersAndTeamsP5/node_modules/.vite/deps/chunk-373CG7ZK.js?v=477124e5:21548
